log started: Mon Nov 21 16:26:57 2022

Log file: ./leap.log
>> #
>> # ----- leaprc for loading the general Amber Force field.
>> #       This file is mostly for use with Antechamber
>> #
>> #	load atom type hybridizations
>> #
>> addAtomTypes {
>> 	{ "h1"  "H" "sp3" }
>> 	{ "h2"  "H" "sp3" }
>> 	{ "h3"  "H" "sp3" }
>> 	{ "h4"  "H" "sp3" }
>> 	{ "h5"  "H" "sp3" }
>> 	{ "ha"  "H" "sp3" }
>> 	{ "hc"  "H" "sp3" }
>> 	{ "hn"  "H" "sp3" }
>> 	{ "ho"  "H" "sp3" }
>> 	{ "hp"  "H" "sp3" }
>> 	{ "hs"  "H" "sp3" }
>> 	{ "hw"  "H" "sp3" }
>> 	{ "hx"  "H" "sp3" }
>> 	{ "o"  "O" "sp2" }
>> 	{ "o2"  "O" "sp2" }
>> 	{ "oh"  "O" "sp3" }
>> 	{ "op"  "O" "sp3" }
>> 	{ "oq"  "O" "sp3" }
>> 	{ "os"  "O" "sp3" }
>> 	{ "ow"  "O" "sp3" }
>> 	{ "c"  "C" "sp2" }
>> 	{ "c1"  "C" "sp2" }
>> 	{ "c2"  "C" "sp2" }
>> 	{ "c3"  "C" "sp3" }
>> 	{ "ca"  "C" "sp2" }
>> 	{ "cc"  "C" "sp2" }
>> 	{ "cd"  "C" "sp2" }
>> 	{ "ce"  "C" "sp2" }
>> 	{ "cf"  "C" "sp2" }
>> 	{ "cg"  "C" "sp2" }
>> 	{ "ch"  "C" "sp2" }
>> 	{ "cp"  "C" "sp2" }
>> 	{ "cq"  "C" "sp2" }
>> 	{ "cu"  "C" "sp2" }
>> 	{ "cv"  "C" "sp2" }
>> 	{ "cx"  "C" "sp2" }
>> 	{ "cy"  "C" "sp2" }
>> 	{ "cz"  "C" "sp2" }
>> 	{ "n"   "N" "sp2" }
>> 	{ "n1"  "N" "sp2" }
>> 	{ "n2"  "N" "sp2" }
>> 	{ "n3"  "N" "sp3" }
>> 	{ "n4"  "N" "sp3" }
>> 	{ "na"  "N" "sp2" }
>> 	{ "nb"  "N" "sp2" }
>> 	{ "nc"  "N" "sp2" }
>> 	{ "nd"  "N" "sp2" }
>> 	{ "ne"  "N" "sp2" }
>> 	{ "nf"  "N" "sp2" }
>> 	{ "nh"  "N" "sp2" }
>> 	{ "ni"  "N" "sp2" }
>> 	{ "nj"  "N" "sp2" }
>> 	{ "nk"  "N" "sp3" }
>> 	{ "nl"  "N" "sp3" }
>> 	{ "nm"  "N" "sp2" }
>> 	{ "nn"  "N" "sp2" }
>> 	{ "no"  "N" "sp2" }
>> 	{ "np"  "N" "sp3" }
>> 	{ "nq"  "N" "sp3" }
>> 	{ "s"   "S" "sp2" }
>> 	{ "s2"   "S" "sp2" }
>> 	{ "s3"   "S" "sp3" }
>> 	{ "s4"   "S" "sp3" }
>> 	{ "s6"   "S" "sp3" }
>> 	{ "sh"   "S" "sp3" }
>> 	{ "sp"   "S" "sp3" }
>> 	{ "sq"   "S" "sp3" }
>> 	{ "ss"   "S" "sp3" }
>> 	{ "sx"   "S" "sp3" }
>> 	{ "sy"   "S" "sp3" }
>> 	{ "p2"   "P" "sp2" }
>> 	{ "p3"   "P" "sp3" }
>> 	{ "p4"   "P" "sp3" }
>> 	{ "p5"   "P" "sp3" }
>> 	{ "pb"   "P" "sp3" }
>> 	{ "pc"   "P" "sp3" }
>> 	{ "pd"   "P" "sp3" }
>> 	{ "pe"   "P" "sp3" }
>> 	{ "pf"   "P" "sp3" }
>> 	{ "px"   "P" "sp3" }
>> 	{ "py"   "P" "sp3" }
>> 	{ "f"   "F" "sp3" }
>> 	{ "cl"  "Cl" "sp3" }
>> 	{ "br"  "Br" "sp3" }
>> 	{ "i"   "I"  "sp3" }
>> }
>> #
>> #	Load the general force field parameter set.
>> #
>> gaff = loadamberparams gaff.dat
Loading parameters: /home/rhys/software/anaconda3/envs/AmberTools21/dat/leap/parm/gaff.dat
Reading title:
AMBER General Force Field for organic molecules (Version 1.81, May 2017)
> 
> loadamberparams /home/rhys/AMPK/Metad_Simulations/System_Setup/ligand_parms/MK87.frcmod
Loading parameters: /home/rhys/AMPK/Metad_Simulations/System_Setup/ligand_parms/MK87.frcmod
Reading force field modification type file (frcmod)
Reading title:
Remark line goes here
> loadamberprep /home/rhys/AMPK/Metad_Simulations/System_Setup/ligand_parms/MK87.prep
Loading Prep file: /home/rhys/AMPK/Metad_Simulations/System_Setup/ligand_parms/MK87.prep
Loaded UNIT: MOL
> struc = loadpdb /home/rhys/Storage/ampk_metad_all_data/a2b2+MK87/00-Prep/MK87_4_a2b2_4_gmx.pdb
Loading PDB file: /home/rhys/Storage/ampk_metad_all_data/a2b2+MK87/00-Prep/MK87_4_a2b2_4_gmx.pdb
Matching PDB residue names to LEaP variables.
  total atoms in file: 52
> saveamberparm struc /home/rhys/Storage/ampk_metad_all_data/a2b2+MK87/00-Prep/MK87_amb.top /home/rhys/Storage/ampk_metad_all_data/a2b2+MK87/00-Prep/MK87_amb.crd
Checking Unit.
Building topology.
Building atom parameters.
Building bond parameters.
Building angle parameters.
Building proper torsion parameters.
Building improper torsion parameters.
old PREP-specified impropers:
 <MOL 368>:  N1   N3   C14  O1  
 <MOL 368>:  C17  C14  N1   H10 
 <MOL 368>:  C18  C9   C17  N1  
 <MOL 368>:  C11  C17  C9   H9  
 <MOL 368>:  C9   Cl1  C11  C16 
 <MOL 368>:  C11  C13  C16  N2  
 <MOL 368>:  C17  N2   C18  N3  
 <MOL 368>:  C7   C8   C13  C16 
 <MOL 368>:  C5   C13  C7   H7  
 <MOL 368>:  C7   C12  C5   H5  
 <MOL 368>:  C5   C6   C12  C15 
 <MOL 368>:  C8   C12  C6   H6  
 <MOL 368>:  C6   C13  C8   H8  
 <MOL 368>:  C4   C10  C15  C12 
 <MOL 368>:  C2   C15  C4   H4  
 <MOL 368>:  C4   C1   C2   H2  
 <MOL 368>:  C2   C3   C1   H1  
 <MOL 368>:  C1   C10  C3   H3  
 <MOL 368>:  C3   C15  C10  H20 
 total 19 improper torsions applied
 19 improper torsions in old prep form
Building H-Bond parameters.
Incorporating Non-Bonded adjustments.
Not Marking per-residue atom chain types.
Marking per-residue atom chain types.
 (no restraints)
> savepdb struc /home/rhys/Storage/ampk_metad_all_data/a2b2+MK87/00-Prep/MK87_leap.pdb
Writing pdb file: /home/rhys/Storage/ampk_metad_all_data/a2b2+MK87/00-Prep/MK87_leap.pdb
 quit
	Quit

Exiting LEaP: Errors = 0; Warnings = 0; Notes = 0.
